2024-12-22T21:46:56+00:00 INFO ENVIRONMENT: array (
  'WP_User' => 'Guest (non logged-in user)',
  'HTTP_REFERER' => 'https://www.topology.pl/wp-admin/admin.php?page=wpstg_clone',
  'HTTP_USER_AGENT' => 'Mozilla/5.0 (Windows NT 10.0; Win64; x64) AppleWebKit/537.36 (KHTML, like Gecko) Chrome/131.0.0.0 Safari/537.36',
  'REQUEST_URI' => '/test/',
  'DOING_AJAX' => false,
  'DOING_CRON' => false,
  'WP_CLI' => false,
)
2024-12-22T21:46:56+00:00 INFO REQUEST GET https://public-api.wordpress.com/wpcom/v2/sites/%s/wcpay/accounts?test_mode=true
2024-12-22T21:46:56+00:00 INFO HEADERS: array (
  'Content-Type' => 'application/json; charset=utf-8',
  'User-Agent' => 'WooCommerce Payments/8.2.1',
)
2024-12-22T21:47:00+00:00 INFO RESPONSE: array (
  'account_id' => 'acct_1Pz2MHCTz3VHqHoz',
  'email' => '(redacted)',
  'live_publishable_key' => 'pk_live_51ETDmyFuiXB5oUVxaIafkGPnwuNcBxr1pXVhvLJ4BrWuiqfG6SldjatOGLQhuqXnDmgqwRA7tDoSFlbY4wFji7KR0079TvtxNs',
  'test_publishable_key' => 'pk_test_51ETDmyFuiXB5oUVxwSobQMW5Tno1GclIq7ePZWzLeW4q8oa7Zb8hI5VfwI5sNT5nXuKYinLukNvGCXmsQXAoDGHG00MqHqlYHR',
  'is_live' => true,
  'is_test_drive' => false,
  'created' => '2024-09-14 20:14:20',
  'has_pending_requirements' => false,
  'has_future_requirements' => false,
  'has_overdue_requirements' => false,
  'details_submitted' => true,
  'current_deadline' => NULL,
  'status' => 'complete',
  'capabilities' => 
  array (
    'card_payments' => 'active',
    'p24_payments' => 'active',
    'transfers' => 'active',
    'bancontact_payments' => 'unrequested',
    'bank_transfer_payments' => 'unrequested',
    'blik_payments' => 'unrequested',
    'cartes_bancaires_payments' => 'unrequested',
    'eps_payments' => 'unrequested',
    'giropay_payments' => 'unrequested',
    'ideal_payments' => 'unrequested',
    'klarna' => 'unrequested',
    'klarna_payments' => 'unrequested',
    'link_payments' => 'unrequested',
    'mobilepay_payments' => 'unrequested',
    'multibanco_payments' => 'unrequested',
    'revolut_pay_payments' => 'unrequested',
    'sepa_bank_transfer_payments' => 'unrequested',
    'sepa_debit_payments' => 'unrequested',
    'sofort_payments' => 'unrequested',
    'twint_payments' => 'unrequested',
  ),
  'capability_requirements' => 
  array (
    'bancontact_payments' => 
    array (
    ),
    'bank_transfer_payments' => 
    array (
    ),
    'blik_payments' => 
    array (
    ),
    'card_payments' => 
    array (
    ),
    'cartes_bancaires_payments' => 
    array (
    ),
    'eps_payments' => 
    array (
    ),
    'giropay_payments' => 
    array (
    ),
    'ideal_payments' => 
    array (
    ),
    'klarna' => 
    array (
    ),
    'klarna_payments' => 
    array (
    ),
    'link_payments' => 
    array (
    ),
    'mobilepay_payments' => 
    array (
    ),
    'multibanco_payments' => 
    array (
    ),
    'p24_payments' => 
    array (
    ),
    'revolut_pay_payments' => 
    array (
    ),
    'sepa_bank_transfer_payments' => 
    array (
    ),
    'sepa_debit_payments' => 
    array (
    ),
    'sofort_payments' => 
    array (
    ),
    'transfers' => 
    array (
    ),
    'twint_payments' => 
    array (
    ),
  ),
  'payments_enabled' => true,
  'deposits' => 
  array (
    'status' => 'enabled',
    'restrictions' => 'deposits_unrestricted',
    'interval' => 'daily',
    'weekly_anchor' => '',
    'monthly_anchor' => NULL,
    'delay_days' => 3,
    'completed_waiting_period' => false,
    'minimum_manual_deposit_amounts' => 
    array (
      'aud' => 500,
      'bgn' => 100,
      'cad' => 500,
      'chf' => 500,
      'czk' => 3000,
      'dkk' => 5000,
      'eur' => 500,
      'gbp' => 500,
      'hkd' => 5000,
      'huf' => 36000,
      'nok' => 5000,
      'nzd' => 500,
      'jpy' => 50,
      'sek' => 5000,
      'sgd' => 500,
      'usd' => 500,
      'ron' => 500,
      'pln' => 500,
      'aed' => 200,
    ),
    'minimum_scheduled_deposit_amounts' => 
    array (
      'aed' => 200,
      'aud' => 0,
      'bgn' => 100,
      'cad' => 0,
      'chf' => 500,
      'czk' => 3000,
      'dkk' => 2000,
      'eur' => 100,
      'gbp' => 100,
      'hkd' => 0,
      'huf' => 36000,
      'jpy' => 1,
      'nok' => 2000,
      'nzd' => 0,
      'pln' => 500,
      'ron' => 500,
      'sek' => 2000,
      'sgd' => 100,
      'usd' => 0,
    ),
  ),
  'lifetime_total_payment_volume' => 0,
  'requirements' => 
  array (
    'errors' => 
    array (
    ),
  ),
  'statement_descriptor' => 'TOPOLOGY.PL',
  'statement_descriptor_kanji' => '',
  'statement_descriptor_kana' => '',
  'latest_tos_agreement' => 
  array (
    'date' => '2024-09-14 20:14:20',
    'source' => 'signup',
    'is_current_version' => true,
  ),
  'fees' => 
  array (
    'base' => 
    array (
      'percentage_rate' => 0.015,
      'fixed_rate' => 100,
      'currency' => 'pln',
    ),
    'discount' => 
    array (
    ),
    'card' => 
    array (
      'base' => 
      array (
        'percentage_rate' => 0.015,
        'fixed_rate' => 100,
        'currency' => 'pln',
      ),
      'additional' => 
      array (
        'percentage_rate' => 0.02,
        'fixed_rate' => 0,
        'currency' => 'pln',
      ),
      'fx' => 
      array (
        'percentage_rate' => 0.02,
        'fixed_rate' => 0,
        'currency' => 'pln',
      ),
      'discount' => 
      array (
      ),
    ),
    'bancontact' => 
    array (
      'base' => 
      array (
        'percentage_rate' => 0.014,
        'fixed_rate' => 100,
        'currency' => 'pln',
      ),
      'additional' => 
      array (
        'percentage_rate' => 0,
        'fixed_rate' => 0,
        'currency' => 'pln',
      ),
      'fx' => 
      array (
        'percentage_rate' => 0,
        'fixed_rate' => 0,
        'currency' => 'pln',
      ),
      'discount' => 
      array (
      ),
    ),
    'eps' => 
    array (
      'base' => 
      array (
        'percentage_rate' => 0.018,
        'fixed_rate' => 100,
        'currency' => 'pln',
      ),
      'additional' => 
      array (
        'percentage_rate' => 0,
        'fixed_rate' => 0,
        'currency' => 'pln',
      ),
      'fx' => 
      array (
        'percentage_rate' => 0,
        'fixed_rate' => 0,
        'currency' => 'pln',
      ),
      'discount' => 
      array (
      ),
    ),
    'ideal' => 
    array (
      'base' => 
      array (
        'percentage_rate' => 0,
        'fixed_rate' => 130,
        'currency' => 'pln',
      ),
      'additional' => 
      array (
        'percentage_rate' => 0,
        'fixed_rate' => 0,
        'currency' => 'pln',
      ),
      'fx' => 
      array (
        'percentage_rate' => 0,
        'fixed_rate' => 0,
        'currency' => 'pln',
      ),
      'discount' => 
      array (
      ),
    ),
    'p24' => 
    array (
      'base' => 
      array (
        'percentage_rate' => 0.019,
        'fixed_rate' => 100,
        'currency' => 'pln',
      ),
      'additional' => 
      array (
        'percentage_rate' => 0,
        'fixed_rate' => 0,
        'currency' => 'pln',
      ),
      'fx' => 
      array (
        'percentage_rate' => 0,
        'fixed_rate' => 0,
        'currency' => 'pln',
      ),
      'discount' => 
      array (
      ),
    ),
  ),
  'capital' => 
  array (
    'has_active_loan' => false,
    'has_previous_loans' => false,
    'loans' => 
    array (
    ),
  ),
  'fraud_services' => 
  array (
    'stripe' => 
    array (
    ),
    'sift' => 
    array (
      'beacon_key' => 'affbdadb36',
      'sandbox_beacon_key' => '6ad0ad748b',
    ),
  ),
  'store_currencies' => 
  array (
    'default' => 'pln',
    'supported' => 
    array (
    ),
  ),
  'customer_currencies' => 
  array (
    'supported' => 
    array (
      0 => 'usd',
      1 => 'aed',
      2 => 'afn',
      3 => 'all',
      4 => 'amd',
      5 => 'ang',
      6 => 'aoa',
      7 => 'ars',
      8 => 'aud',
      9 => 'awg',
      10 => 'azn',
      11 => 'bam',
      12 => 'bbd',
      13 => 'bdt',
      14 => 'bgn',
      15 => 'bif',
      16 => 'bmd',
      17 => 'bnd',
      18 => 'bob',
      19 => 'brl',
      20 => 'bsd',
      21 => 'bwp',
      22 => 'byn',
      23 => 'bzd',
      24 => 'cad',
      25 => 'cdf',
      26 => 'chf',
      27 => 'clp',
      28 => 'cny',
      29 => 'cop',
      30 => 'crc',
      31 => 'cve',
      32 => 'czk',
      33 => 'djf',
      34 => 'dkk',
      35 => 'dop',
      36 => 'dzd',
      37 => 'egp',
      38 => 'etb',
      39 => 'eur',
      40 => 'fjd',
      41 => 'fkp',
      42 => 'gbp',
      43 => 'gel',
      44 => 'gip',
      45 => 'gmd',
      46 => 'gnf',
      47 => 'gtq',
      48 => 'gyd',
      49 => 'hkd',
      50 => 'hnl',
      51 => 'htg',
      52 => 'huf',
      53 => 'idr',
      54 => 'ils',
      55 => 'inr',
      56 => 'isk',
      57 => 'jmd',
      58 => 'jpy',
      59 => 'kes',
      60 => 'kgs',
      61 => 'khr',
      62 => 'kmf',
      63 => 'krw',
      64 => 'kyd',
      65 => 'kzt',
      66 => 'lak',
      67 => 'lbp',
      68 => 'lkr',
      69 => 'lrd',
      70 => 'lsl',
      71 => 'mad',
      72 => 'mdl',
      73 => 'mga',
      74 => 'mkd',
      75 => 'mmk',
      76 => 'mnt',
      77 => 'mop',
      78 => 'mur',
      79 => 'mvr',
      80 => 'mwk',
      81 => 'mxn',
      82 => 'myr',
      83 => 'mzn',
      84 => 'nad',
      85 => 'ngn',
      86 => 'nio',
      87 => 'nok',
      88 => 'npr',
      89 => 'nzd',
      90 => 'pab',
      91 => 'pen',
      92 => 'pgk',
      93 => 'php',
      94 => 'pkr',
      95 => 'pln',
      96 => 'pyg',
      97 => 'qar',
      98 => 'ron',
      99 => 'rsd',
      100 => 'rub',
      101 => 'rwf',
      102 => 'sar',
      103 => 'sbd',
      104 => 'scr',
      105 => 'sek',
      106 => 'sgd',
      107 => 'shp',
      108 => 'sle',
      109 => 'sos',
      110 => 'srd',
      111 => 'std',
      112 => 'szl',
      113 => 'thb',
      114 => 'tjs',
      115 => 'top',
      116 => 'try',
      117 => 'ttd',
      118 => 'twd',
      119 => 'tzs',
      120 => 'uah',
      121 => 'ugx',
      122 => 'uyu',
      123 => 'uzs',
      124 => 'vnd',
      125 => 'vuv',
      126 => 'wst',
      127 => 'xaf',
      128 => 'xcd',
      129 => 'xof',
      130 => 'xpf',
      131 => 'yer',
      132 => 'zar',
      133 => 'zmw',
    ),
  ),
  'country' => '(redacted)',
  'instant_deposits_eligible' => false,
  'card_present_eligible' => false,
  'has_card_readers_available' => false,
  'platform_checkout_eligible' => false,
  'platform_direct_checkout_eligible' => false,
  'platform_global_theme_support_enabled' => false,
  'business_profile' => 
  array (
    'name' => '(redacted)',
    'url' => '',
    'support_address' => 
    array (
    ),
    'support_email' => NULL,
    'support_phone' => NULL,
  ),
  'branding' => 
  array (
    'icon' => NULL,
    'logo' => NULL,
    'primary_color' => NULL,
    'secondary_color' => NULL,
  ),
  'locale' => 'pl_PL',
  'has_more_failed_events' => false,
  'has_submitted_vat_data' => false,
  'is_documents_enabled' => true,
  'card_testing_protection_eligible' => false,
  'progressive_onboarding' => 
  array (
    'is_enabled' => false,
    'is_complete' => false,
    'tpv' => NULL,
    'first_transaction_date' => NULL,
    'kyc_deadline_date' => NULL,
  ),
  'fraud_mitigation_settings' => 
  array (
    'avs_check_enabled' => false,
    'cvc_check_enabled' => true,
  ),
  'is_deferred_intent_creation_upe_enabled' => true,
  'pre_check_save_my_info' => false,
)
2024-12-22T21:47:00+00:00 INFO ENVIRONMENT: array (
  'WP_User' => 'Guest (non logged-in user)',
  'HTTP_REFERER' => 'https://www.topology.pl/wp-admin/admin.php?page=wpstg_clone',
  'HTTP_USER_AGENT' => 'Mozilla/5.0 (Windows NT 10.0; Win64; x64) AppleWebKit/537.36 (KHTML, like Gecko) Chrome/131.0.0.0 Safari/537.36',
  'REQUEST_URI' => '/test/',
  'DOING_AJAX' => false,
  'DOING_CRON' => false,
  'WP_CLI' => false,
)
2024-12-22T21:47:00+00:00 INFO REQUEST POST https://public-api.wordpress.com/wpcom/v2/sites/%s/wcpay/compatibility
2024-12-22T21:47:00+00:00 INFO HEADERS: array (
  'Content-Type' => 'application/json; charset=utf-8',
  'User-Agent' => 'WooCommerce Payments/8.2.1',
  'Idempotency-Key' => '562e115f-08db-4dc6-bea1-34fbca07bcfd',
)
2024-12-22T21:47:00+00:00 INFO BODY: array (
  'test_mode' => true,
  'compatibility_data' => 
  array (
    'woopayments_version' => '8.2.1',
    'woocommerce_version' => '9.3.1',
    'woocommerce_permalinks' => 
    array (
      'product_base' => 'produkt',
      'category_base' => 'kategoria-produktu',
      'tag_base' => 'tag-produktu',
      'attribute_base' => '',
      'use_verbose_page_rules' => false,
    ),
    'woocommerce_shop' => 'https://www.topology.pl/test/?page_id=15',
    'woocommerce_cart' => 'https://www.topology.pl/test/?page_id=16',
    'woocommerce_checkout' => 'https://www.topology.pl/test/?page_id=17',
    'blog_theme' => 'strollik5',
    'active_plugins' => 
    array (
      0 => 'backuply/backuply.php',
      1 => 'breadcrumb-navxt/breadcrumb-navxt.php',
      2 => 'broken-link-checker/broken-link-checker.php',
      3 => 'elementor/elementor.php',
      4 => 'granular-controls-for-elementor/granular-controls-elementor.php',
      5 => 'image-optimization/image-optimization.php',
      6 => 'inpost-for-woocommerce/woocommerce-inpost.php',
      8 => 'revslider/revslider.php',
      9 => 'strollik5-core/index.php',
      10 => 'support-me/support-me.php',
      11 => 'woocommerce-direct-checkout/woocommerce-direct-checkout.php',
      12 => 'woocommerce-payments/woocommerce-payments.php',
      13 => 'woocommerce-services/woocommerce-services.php',
      14 => 'woocommerce-shipping/woocommerce-shipping.php',
      15 => 'woocommerce/woocommerce.php',
      16 => 'wp-live-chat-support/wp-live-chat-support.php',
      18 => 'wp-staging/wp-staging.php',
      19 => 'wpforms-lite/wpforms.php',
    ),
    'post_types_count' => 
    array (
      'post' => 0,
      'page' => 30,
      'attachment' => 0,
    ),
  ),
)
2024-12-22T21:47:00+00:00 INFO RESPONSE: array (
  'result' => 'success',
)
2024-12-22T21:47:00+00:00 INFO ENVIRONMENT: array (
  'WP_User' => 'Guest (non logged-in user)',
  'HTTP_REFERER' => 'https://www.topology.pl/wp-admin/admin.php?page=wpstg_clone',
  'HTTP_USER_AGENT' => 'Mozilla/5.0 (Windows NT 10.0; Win64; x64) AppleWebKit/537.36 (KHTML, like Gecko) Chrome/131.0.0.0 Safari/537.36',
  'REQUEST_URI' => '/test/',
  'DOING_AJAX' => false,
  'DOING_CRON' => false,
  'WP_CLI' => false,
)
2024-12-22T21:47:00+00:00 INFO REQUEST GET https://public-api.wordpress.com/wpcom/v2/sites/%s/wcpay/disputes?test_mode=1&pagesize=50&search%5B0%5D=warning_needs_response&search%5B1%5D=needs_response
2024-12-22T21:47:00+00:00 INFO HEADERS: array (
  'Content-Type' => 'application/json; charset=utf-8',
  'User-Agent' => 'WooCommerce Payments/8.2.1',
)
2024-12-22T21:47:01+00:00 INFO RESPONSE: array (
  'data' => 
  array (
  ),
)
2024-12-22T21:47:04+00:00 INFO ENVIRONMENT: array (
  'WP_User' => 'support_rbweqv',
  'HTTP_REFERER' => 'https://www.topology.pl/test/',
  'HTTP_USER_AGENT' => 'Mozilla/5.0 (Windows NT 10.0; Win64; x64) AppleWebKit/537.36 (KHTML, like Gecko) Chrome/131.0.0.0 Safari/537.36',
  'REQUEST_URI' => '/test/',
  'DOING_AJAX' => false,
  'DOING_CRON' => false,
  'WP_CLI' => false,
)
2024-12-22T21:47:04+00:00 INFO REQUEST GET https://public-api.wordpress.com/wpcom/v2/sites/%s/wcpay/currency/rates?test_mode=1&currency_from=pln
2024-12-22T21:47:04+00:00 INFO HEADERS: array (
  'Content-Type' => 'application/json; charset=utf-8',
  'User-Agent' => 'WooCommerce Payments/8.2.1',
)
2024-12-22T21:47:04+00:00 INFO RESPONSE: array (
  'AED' => 0.899327,
  'AFN' => 17.119536,
  'ALL' => 23.10375,
  'AMD' => 96.310555,
  'ANG' => 0.439499,
  'AOA' => 224.770541,
  'ARS' => 249.194949,
  'AUD' => 0.391438,
  'AWG' => 0.440727,
  'AZN' => 0.416242,
  'BAM' => 0.458977,
  'BBD' => 0.489696,
  'BDT' => 29.141936,
  'BGN' => 0.45883,
  'BHD' => 0.092016,
  'BIF' => 720.994113,
  'BMD' => 0.244848,
  'BND' => 0.331197,
  'BOB' => 1.685201,
  'BRL' => 1.490145,
  'BSD' => 0.244848,
  'BTC' => 3.0E-6,
  'BTN' => 20.73259,
  'BWP' => 3.370636,
  'BYN' => 0.798082,
  'BZD' => 0.490212,
  'CAD' => 0.351778,
  'CDF' => 693.798007,
  'CHF' => 0.218538,
  'CLF' => 0.008766,
  'CLP' => 241.886486,
  'CNH' => 1.785689,
  'CNY' => 1.78651,
  'COP' => 1067.307703,
  'CRC' => 123.040111,
  'CUC' => 0.244848,
  'CUP' => 6.304838,
  'CVE' => 25.876437,
  'CZK' => 5.894289,
  'DJF' => 43.426602,
  'DKK' => 1.749902,
  'DOP' => 14.85023,
  'DZD' => 33.024375,
  'EGP' => 12.456866,
  'ERN' => 3.672721,
  'ETB' => 30.399767,
  'EUR' => 0.234626,
  'FJD' => 0.567191,
  'FKP' => 0.19483,
  'GBP' => 0.19483,
  'GEL' => 0.687411,
  'GGP' => 0.19483,
  'GHS' => 3.584894,
  'GIP' => 0.19483,
  'GMD' => 17.628254,
  'GNF' => 2106.898154,
  'GTQ' => 1.879042,
  'GYD' => 51.020683,
  'HKD' => 1.903314,
  'HNL' => 6.19049,
  'HRK' => 1.768947,
  'HTG' => 31.904062,
  'HUF' => 97.148986,
  'IDR' => 3959.511821,
  'ILS' => 0.890943,
  'IMP' => 0.19483,
  'INR' => 20.799551,
  'IQD' => 319.46276,
  'IRR' => 10344.83155,
  'ISK' => 33.910538,
  'JEP' => 0.19483,
  'JMD' => 38.15579,
  'JOD' => 0.173622,
  'JPY' => 38.307703,
  'KES' => 31.483989,
  'KGS' => 21.301783,
  'KHR' => 980.007668,
  'KMF' => 115.504145,
  'KPW' => 220.363276,
  'KRW' => 354.153166,
  'KWD' => 0.075119,
  'KYD' => 0.203228,
  'KZT' => 128.07386,
  'LAK' => 5337.807959,
  'LBP' => 21835.172725,
  'LKR' => 71.599357,
  'LRD' => 44.262038,
  'LSL' => 4.48973,
  'LYD' => 1.19825,
  'MAD' => 2.454395,
  'MDL' => 4.497599,
  'MGA' => 1150.612278,
  'MKD' => 14.440721,
  'MMK' => 513.69128,
  'MNT' => 831.99379,
  'MOP' => 1.952308,
  'MUR' => 11.55683,
  'MVR' => 3.77066,
  'MWK' => 422.859121,
  'MXN' => 4.91655,
  'MYR' => 1.103775,
  'MZN' => 15.628653,
  'NAD' => 4.48973,
  'NGN' => 378.341516,
  'NIO' => 8.97397,
  'NOK' => 2.771437,
  'NPR' => 33.172243,
  'NZD' => 0.432921,
  'OMR' => 0.094243,
  'PAB' => 0.244848,
  'PEN' => 0.908098,
  'PGK' => 0.98892,
  'PHP' => 14.405637,
  'PKR' => 67.879947,
  'PLN' => 1,
  'PYG' => 1901.563999,
  'QAR' => 0.889019,
  'RON' => 1.168293,
  'RSD' => 27.46412,
  'RUB' => 25.165267,
  'RWF' => 339.949933,
  'SAR' => 0.919725,
  'SBD' => 2.052699,
  'SCR' => 3.414407,
  'SDG' => 147.276123,
  'SEK' => 2.697844,
  'SGD' => 0.331818,
  'SHP' => 0.19483,
  'SLL' => 5134.341898,
  'SOS' => 139.373542,
  'SRD' => 8.601758,
  'SSP' => 31.893911,
  'STD' => 5455.656039,
  'SVC' => 2.133899,
  'SYP' => 3183.514789,
  'SZL' => 4.488627,
  'THB' => 8.372936,
  'TJS' => 2.667878,
  'TMT' => 0.859417,
  'TND' => 0.777079,
  'TOP' => 0.586296,
  'TRY' => 8.614981,
  'TTD' => 1.655162,
  'TWD' => 7.989638,
  'TZS' => 579.177496,
  'UAH' => 10.227673,
  'UGX' => 894.580139,
  'USD' => 0.244848,
  'UYU' => 10.877183,
  'UZS' => 3144.156546,
  'VND' => 6232.610913,
  'VUV' => 29.068854,
  'WST' => 0.685575,
  'XAF' => 153.904245,
  'XAG' => 0.008302,
  'XAU' => 9.3E-5,
  'XCD' => 0.661714,
  'XDR' => 0.186027,
  'XOF' => 153.904245,
  'XPD' => 0.000268,
  'XPF' => 27.998271,
  'XPT' => 0.000265,
  'YER' => 61.168468,
  'ZAR' => 4.472407,
  'ZMW' => 6.749016,
  'ZWL' => 78.841083,
)
