2024-12-23T14:49:36+00:00 INFO ENVIRONMENT: array (
  'WP_User' => 'support_rbweqv',
  'HTTP_REFERER' => 'https://www.topology.pl/test/',
  'HTTP_USER_AGENT' => 'Mozilla/5.0 (Windows NT 10.0; Win64; x64) AppleWebKit/537.36 (KHTML, like Gecko) Chrome/131.0.0.0 Safari/537.36',
  'REQUEST_URI' => '/test/',
  'DOING_AJAX' => false,
  'DOING_CRON' => false,
  'WP_CLI' => false,
)
2024-12-23T14:49:36+00:00 INFO REQUEST GET https://public-api.wordpress.com/wpcom/v2/sites/%s/wcpay/currency/rates?test_mode=1&currency_from=pln
2024-12-23T14:49:36+00:00 INFO HEADERS: array (
  'Content-Type' => 'application/json; charset=utf-8',
  'User-Agent' => 'WooCommerce Payments/8.2.1',
)
2024-12-23T14:49:37+00:00 INFO RESPONSE: array (
  'AED' => 0.894206,
  'AFN' => 17.018038,
  'ALL' => 22.96677,
  'AMD' => 95.739581,
  'ANG' => 0.436893,
  'AOA' => 223.493602,
  'ARS' => 248.872802,
  'AUD' => 0.389866,
  'AWG' => 0.438223,
  'AZN' => 0.413877,
  'BAM' => 0.456256,
  'BBD' => 0.486914,
  'BDT' => 28.969158,
  'BGN' => 0.457749,
  'BHD' => 0.091815,
  'BIF' => 716.71381,
  'BMD' => 0.243457,
  'BND' => 0.329233,
  'BOB' => 1.675209,
  'BRL' => 1.484431,
  'BSD' => 0.243457,
  'BTC' => 3.0E-6,
  'BTN' => 20.60967,
  'BWP' => 3.350652,
  'BYN' => 0.793351,
  'BZD' => 0.487306,
  'CAD' => 0.350613,
  'CDF' => 689.68059,
  'CHF' => 0.218305,
  'CLF' => 0.008737,
  'CLP' => 241.144241,
  'CNH' => 1.779248,
  'CNY' => 1.777042,
  'COP' => 1064.771116,
  'CRC' => 122.310673,
  'CUC' => 0.243457,
  'CUP' => 6.26902,
  'CVE' => 25.723264,
  'CZK' => 5.887304,
  'DJF' => 43.169139,
  'DKK' => 1.745813,
  'DOP' => 14.762186,
  'DZD' => 32.823243,
  'EGP' => 12.437955,
  'ERN' => 3.651856,
  'ETB' => 30.219537,
  'EUR' => 0.234078,
  'FJD' => 0.563968,
  'FKP' => 0.194261,
  'GBP' => 0.194261,
  'GEL' => 0.683262,
  'GGP' => 0.194261,
  'GHS' => 3.56364,
  'GIP' => 0.194261,
  'GMD' => 17.528107,
  'GNF' => 2094.397379,
  'GTQ' => 1.867902,
  'GYD' => 50.718186,
  'HKD' => 1.891525,
  'HNL' => 6.153788,
  'HRK' => 1.764323,
  'HTG' => 31.714905,
  'HUF' => 97.168064,
  'IDR' => 3938.861952,
  'ILS' => 0.886885,
  'IMP' => 0.194261,
  'INR' => 20.724499,
  'IQD' => 317.568917,
  'IRR' => 10286.061754,
  'ISK' => 33.964698,
  'JEP' => 0.194261,
  'JMD' => 37.92957,
  'JOD' => 0.172635,
  'JPY' => 38.186243,
  'KES' => 31.466828,
  'KGS' => 21.180766,
  'KHR' => 974.192449,
  'KMF' => 115.202204,
  'KPW' => 219.111375,
  'KRW' => 353.718487,
  'KWD' => 0.075022,
  'KYD' => 0.202024,
  'KZT' => 127.314584,
  'LAK' => 5306.243847,
  'LBP' => 21708.420534,
  'LKR' => 71.174779,
  'LRD' => 43.999618,
  'LSL' => 4.463112,
  'LYD' => 1.191146,
  'MAD' => 2.439843,
  'MDL' => 4.481927,
  'MGA' => 1143.798655,
  'MKD' => 14.415814,
  'MMK' => 510.77296,
  'MNT' => 827.267168,
  'MOP' => 1.940733,
  'MUR' => 11.405965,
  'MVR' => 3.749239,
  'MWK' => 420.258142,
  'MXN' => 4.904175,
  'MYR' => 1.093122,
  'MZN' => 15.539866,
  'NAD' => 4.463112,
  'NGN' => 376.494206,
  'NIO' => 8.920765,
  'NOK' => 2.759433,
  'NPR' => 32.97556,
  'NZD' => 0.431107,
  'OMR' => 0.09373,
  'PAB' => 0.243457,
  'PEN' => 0.902714,
  'PGK' => 0.983057,
  'PHP' => 14.260985,
  'PKR' => 67.47749,
  'PLN' => 1,
  'PYG' => 1890.305266,
  'QAR' => 0.883748,
  'RON' => 1.164796,
  'RSD' => 27.383322,
  'RUB' => 24.381765,
  'RWF' => 337.935505,
  'SAR' => 0.914559,
  'SBD' => 2.041037,
  'SCR' => 3.394838,
  'SDG' => 146.439435,
  'SEK' => 2.686975,
  'SGD' => 0.330348,
  'SHP' => 0.194261,
  'SLL' => 5105.173301,
  'SOS' => 138.547217,
  'SRD' => 8.552891,
  'SSP' => 31.71272,
  'STD' => 5424.66203,
  'SVC' => 2.121248,
  'SYP' => 3165.428992,
  'SZL' => 4.462015,
  'THB' => 8.343031,
  'TJS' => 2.652061,
  'TMT' => 0.854534,
  'TND' => 0.772472,
  'TOP' => 0.582965,
  'TRY' => 8.574519,
  'TTD' => 1.645349,
  'TWD' => 7.963238,
  'TZS' => 586.122927,
  'UAH' => 10.167035,
  'UGX' => 889.27342,
  'USD' => 0.243457,
  'UYU' => 10.894297,
  'UZS' => 3125.503562,
  'VND' => 6195.625866,
  'VUV' => 28.903712,
  'WST' => 0.68168,
  'XAF' => 153.544838,
  'XAG' => 0.008219,
  'XAU' => 9.3E-5,
  'XCD' => 0.657955,
  'XDR' => 0.184924,
  'XOF' => 153.544838,
  'XPD' => 0.000267,
  'XPF' => 27.932887,
  'XPT' => 0.000261,
  'YER' => 60.820961,
  'ZAR' => 4.484863,
  'ZMW' => 6.709003,
  'ZWL' => 78.393181,
)
